<?xml version="1.0" encoding="UTF-8"?>
<Site BuildName="(empty)"
	BuildStamp="20231113-1350-Experimental"
	Name="(empty)"
	Generator="ctest-3.28.0-rc4"
	CompilerName=""
	CompilerVersion=""
	OSName="Windows"
	Hostname="DESKTOP-DIR2DFE"
	OSRelease=" Personal"
	OSVersion=" (Build 22621)"
	OSPlatform="AMD64"
	Is64Bits="1"
	VendorString="GenuineIntel"
	VendorID="Intel Corporation"
	FamilyID="6"
	ModelID="14"
	ProcessorCacheSize="-1"
	NumberOfLogicalCPU="12"
	NumberOfPhysicalCPU="6"
	TotalVirtualMemory="28790"
	TotalPhysicalMemory="24438"
	LogicalProcessorsPerPhysical="2"
	ProcessorClockFrequency="3192"
	>
	<Testing>
		<StartDateTime>Nov 13 22:50 [NON-UTF-8-BYTE-0x93][NON-UTF-8-BYTE-0x8C][NON-UTF-8-BYTE-0x8B][NON-UTF-8-BYTE-0x9E] ([NON-UTF-8-BYTE-0x95]W[NON-UTF-8-BYTE-0x8F][NON-UTF-8-BYTE-0x80][NON-UTF-8-BYTE-0x8E][NON-UTF-8-BYTE-0x9E])</StartDateTime>
		<StartTestTime>1699883426</StartTestTime>
		<TestList/>
		<EndDateTime>Nov 13 22:50 [NON-UTF-8-BYTE-0x93][NON-UTF-8-BYTE-0x8C][NON-UTF-8-BYTE-0x8B][NON-UTF-8-BYTE-0x9E] ([NON-UTF-8-BYTE-0x95]W[NON-UTF-8-BYTE-0x8F][NON-UTF-8-BYTE-0x80][NON-UTF-8-BYTE-0x8E][NON-UTF-8-BYTE-0x9E])</EndDateTime>
		<EndTestTime>1699883426</EndTestTime>
		<ElapsedMinutes>0</ElapsedMinutes>
	</Testing>
</Site>
